
> anchorage-labs-web@0.1.0 dev
> next dev

 ⚠ You are using a non-standard "NODE_ENV" value in your environment. This creates inconsistencies in the project and is strongly advised against. Read more: https://nextjs.org/docs/messages/non-standard-node-env
 ⚠ Installing TypeScript as it was not found while loading "next.config.ts".

Installing devDependencies (npm):
- typescript@5.8.2


added 87 packages, and audited 112 packages in 2s

29 packages are looking for funding
  run `npm fund` for details

2 moderate severity vulnerabilities

To address all issues (including breaking changes), run:
  npm audit fix --force

Run `npm audit` for details.

   ▲ Next.js 15.5.18
   - Local:        http://localhost:3000
   - Network:      http://172.19.0.6:3000

 ✓ Starting...
 ✓ Ready in 1451ms
 ○ Compiling / ...
 ⨯ ./app/globals.css
Module parse failed: Unexpected character '@' (1:0)
> @tailwind base;
| @tailwind components;
| @tailwind utilities;

Import trace for requested module:
./app/globals.css
./app/layout.tsx
 ⨯ ./app/globals.css
Module parse failed: Unexpected character '@' (1:0)
> @tailwind base;
| @tailwind components;
| @tailwind utilities;

Import trace for requested module:
./app/globals.css
./app/layout.tsx
 ⨯ ./app/globals.css
Module parse failed: Unexpected character '@' (1:0)
> @tailwind base;
| @tailwind components;
| @tailwind utilities;

Import trace for requested module:
./app/globals.css
./app/layout.tsx
 ⨯ [Error: ENOENT: no such file or directory, open '/workspaces/AnchorageLabs-anchorage-labs-web/.next/required-server-files.json'] {
  errno: -2,
  code: 'ENOENT',
  syscall: 'open',
  path: '/workspaces/AnchorageLabs-anchorage-labs-web/.next/required-server-files.json'
}
 ⨯ [Error: ENOENT: no such file or directory, open '/workspaces/AnchorageLabs-anchorage-labs-web/.next/required-server-files.json'] {
  errno: -2,
  code: 'ENOENT',
  syscall: 'open',
  path: '/workspaces/AnchorageLabs-anchorage-labs-web/.next/required-server-files.json'
}
 ⨯ [Error: ENOENT: no such file or directory, open '/workspaces/AnchorageLabs-anchorage-labs-web/.next/required-server-files.json'] {
  errno: -2,
  code: 'ENOENT',
  syscall: 'open',
  path: '/workspaces/AnchorageLabs-anchorage-labs-web/.next/required-server-files.json'
}
[Error: ENOENT: no such file or directory, open '/workspaces/AnchorageLabs-anchorage-labs-web/.next/required-server-files.json'] {
  errno: -2,
  code: 'ENOENT',
  syscall: 'open',
  path: '/workspaces/AnchorageLabs-anchorage-labs-web/.next/required-server-files.json'
}
[Error: ENOENT: no such file or directory, open '/workspaces/AnchorageLabs-anchorage-labs-web/.next/required-server-files.json'] {
  errno: -2,
  code: 'ENOENT',
  syscall: 'open',
  path: '/workspaces/AnchorageLabs-anchorage-labs-web/.next/required-server-files.json'
}
[Error: ENOENT: no such file or directory, open '/workspaces/AnchorageLabs-anchorage-labs-web/.next/required-server-files.json'] {
  errno: -2,
  code: 'ENOENT',
  syscall: 'open',
  path: '/workspaces/AnchorageLabs-anchorage-labs-web/.next/required-server-files.json'
}
[Error: ENOENT: no such file or directory, open '/workspaces/AnchorageLabs-anchorage-labs-web/.next/required-server-files.json'] {
  errno: -2,
  code: 'ENOENT',
  syscall: 'open',
  path: '/workspaces/AnchorageLabs-anchorage-labs-web/.next/required-server-files.json'
}
[Error: ENOENT: no such file or directory, open '/workspaces/AnchorageLabs-anchorage-labs-web/.next/required-server-files.json'] {
  errno: -2,
  code: 'ENOENT',
  syscall: 'open',
  path: '/workspaces/AnchorageLabs-anchorage-labs-web/.next/required-server-files.json'
}
[Error: ENOENT: no such file or directory, open '/workspaces/AnchorageLabs-anchorage-labs-web/.next/required-server-files.json'] {
  errno: -2,
  code: 'ENOENT',
  syscall: 'open',
  path: '/workspaces/AnchorageLabs-anchorage-labs-web/.next/required-server-files.json'
}
 GET / 500 in 2222ms
 GET / 500 in 19ms
<w> [webpack.cache.PackFileCacheStrategy] Caching failed for pack: Error: ENOENT: no such file or directory, rename '/workspaces/AnchorageLabs-anchorage-labs-web/.next/cache/webpack/client-development-fallback/0.pack.gz_' -> '/workspaces/AnchorageLabs-anchorage-labs-web/.next/cache/webpack/client-development-fallback/0.pack.gz'

> anchorage-labs-web@0.1.0 dev
> next dev

 ⚠ You are using a non-standard "NODE_ENV" value in your environment. This creates inconsistencies in the project and is strongly advised against. Read more: https://nextjs.org/docs/messages/non-standard-node-env
 ⚠ Installing TypeScript as it was not found while loading "next.config.ts".

Installing devDependencies (npm):
- typescript@5.8.2


added 87 packages, and audited 112 packages in 2s

29 packages are looking for funding
  run `npm fund` for details

2 moderate severity vulnerabilities

To address all issues (including breaking changes), run:
  npm audit fix --force

Run `npm audit` for details.

   ▲ Next.js 15.5.18
   - Local:        http://localhost:3000
   - Network:      http://172.19.0.6:3000

 ✓ Starting...
 ✓ Ready in 1533ms
 ○ Compiling / ...
 ⨯ ./app/globals.css
Module parse failed: Unexpected character '@' (1:0)
> @tailwind base;
| @tailwind components;
| @tailwind utilities;

Import trace for requested module:
./app/globals.css
./app/layout.tsx
 ⨯ ./app/globals.css
Module parse failed: Unexpected character '@' (1:0)
> @tailwind base;
| @tailwind components;
| @tailwind utilities;

Import trace for requested module:
./app/globals.css
./app/layout.tsx
 ⨯ ./app/globals.css
Module parse failed: Unexpected character '@' (1:0)
> @tailwind base;
| @tailwind components;
| @tailwind utilities;

Import trace for requested module:
./app/globals.css
./app/layout.tsx
 ⨯ [Error: ENOENT: no such file or directory, open '/workspaces/AnchorageLabs-anchorage-labs-web/.next/required-server-files.json'] {
  errno: -2,
  code: 'ENOENT',
  syscall: 'open',
  path: '/workspaces/AnchorageLabs-anchorage-labs-web/.next/required-server-files.json'
}
 ⨯ [Error: ENOENT: no such file or directory, open '/workspaces/AnchorageLabs-anchorage-labs-web/.next/required-server-files.json'] {
  errno: -2,
  code: 'ENOENT',
  syscall: 'open',
  path: '/workspaces/AnchorageLabs-anchorage-labs-web/.next/required-server-files.json'
}
 ⨯ [Error: ENOENT: no such file or directory, open '/workspaces/AnchorageLabs-anchorage-labs-web/.next/required-server-files.json'] {
  errno: -2,
  code: 'ENOENT',
  syscall: 'open',
  path: '/workspaces/AnchorageLabs-anchorage-labs-web/.next/required-server-files.json'
}
[Error: ENOENT: no such file or directory, open '/workspaces/AnchorageLabs-anchorage-labs-web/.next/required-server-files.json'] {
  errno: -2,
  code: 'ENOENT',
  syscall: 'open',
  path: '/workspaces/AnchorageLabs-anchorage-labs-web/.next/required-server-files.json'
}
[Error: ENOENT: no such file or directory, open '/workspaces/AnchorageLabs-anchorage-labs-web/.next/required-server-files.json'] {
  errno: -2,
  code: 'ENOENT',
  syscall: 'open',
  path: '/workspaces/AnchorageLabs-anchorage-labs-web/.next/required-server-files.json'
}
[Error: ENOENT: no such file or directory, open '/workspaces/AnchorageLabs-anchorage-labs-web/.next/required-server-files.json'] {
  errno: -2,
  code: 'ENOENT',
  syscall: 'open',
  path: '/workspaces/AnchorageLabs-anchorage-labs-web/.next/required-server-files.json'
}
[Error: ENOENT: no such file or directory, open '/workspaces/AnchorageLabs-anchorage-labs-web/.next/required-server-files.json'] {
  errno: -2,
  code: 'ENOENT',
  syscall: 'open',
  path: '/workspaces/AnchorageLabs-anchorage-labs-web/.next/required-server-files.json'
}
[Error: ENOENT: no such file or directory, open '/workspaces/AnchorageLabs-anchorage-labs-web/.next/required-server-files.json'] {
  errno: -2,
  code: 'ENOENT',
  syscall: 'open',
  path: '/workspaces/AnchorageLabs-anchorage-labs-web/.next/required-server-files.json'
}
[Error: ENOENT: no such file or directory, open '/workspaces/AnchorageLabs-anchorage-labs-web/.next/required-server-files.json'] {
  errno: -2,
  code: 'ENOENT',
  syscall: 'open',
  path: '/workspaces/AnchorageLabs-anchorage-labs-web/.next/required-server-files.json'
}
 GET / 500 in 1664ms
 GET / 500 in 18ms
<w> [webpack.cache.PackFileCacheStrategy] Caching failed for pack: Error: ENOENT: no such file or directory, rename '/workspaces/AnchorageLabs-anchorage-labs-web/.next/cache/webpack/client-development-fallback/0.pack.gz_' -> '/workspaces/AnchorageLabs-anchorage-labs-web/.next/cache/webpack/client-development-fallback/0.pack.gz'
 ⨯ [Error: ENOENT: no such file or directory, open '/workspaces/AnchorageLabs-anchorage-labs-web/.next/required-server-files.json'] {
  errno: -2,
  code: 'ENOENT',
  syscall: 'open',
  path: '/workspaces/AnchorageLabs-anchorage-labs-web/.next/required-server-files.json'
}
[Error: ENOENT: no such file or directory, open '/workspaces/AnchorageLabs-anchorage-labs-web/.next/required-server-files.json'] {
  errno: -2,
  code: 'ENOENT',
  syscall: 'open',
  path: '/workspaces/AnchorageLabs-anchorage-labs-web/.next/required-server-files.json'
}
[Error: ENOENT: no such file or directory, open '/workspaces/AnchorageLabs-anchorage-labs-web/.next/required-server-files.json'] {
  errno: -2,
  code: 'ENOENT',
  syscall: 'open',
  path: '/workspaces/AnchorageLabs-anchorage-labs-web/.next/required-server-files.json'
}
 GET / 500 in 59ms
 GET / 500 in 16ms
 ⨯ [Error: ENOENT: no such file or directory, open '/workspaces/AnchorageLabs-anchorage-labs-web/.next/required-server-files.json'] {
  errno: -2,
  code: 'ENOENT',
  syscall: 'open',
  path: '/workspaces/AnchorageLabs-anchorage-labs-web/.next/required-server-files.json'
}
[Error: ENOENT: no such file or directory, open '/workspaces/AnchorageLabs-anchorage-labs-web/.next/required-server-files.json'] {
  errno: -2,
  code: 'ENOENT',
  syscall: 'open',
  path: '/workspaces/AnchorageLabs-anchorage-labs-web/.next/required-server-files.json'
}
[Error: ENOENT: no such file or directory, open '/workspaces/AnchorageLabs-anchorage-labs-web/.next/required-server-files.json'] {
  errno: -2,
  code: 'ENOENT',
  syscall: 'open',
  path: '/workspaces/AnchorageLabs-anchorage-labs-web/.next/required-server-files.json'
}
 GET / 500 in 60ms
 GET / 500 in 14ms
 ⨯ [Error: ENOENT: no such file or directory, open '/workspaces/AnchorageLabs-anchorage-labs-web/.next/required-server-files.json'] {
  errno: -2,
  code: 'ENOENT',
  syscall: 'open',
  path: '/workspaces/AnchorageLabs-anchorage-labs-web/.next/required-server-files.json'
}
[Error: ENOENT: no such file or directory, open '/workspaces/AnchorageLabs-anchorage-labs-web/.next/required-server-files.json'] {
  errno: -2,
  code: 'ENOENT',
  syscall: 'open',
  path: '/workspaces/AnchorageLabs-anchorage-labs-web/.next/required-server-files.json'
}
[Error: ENOENT: no such file or directory, open '/workspaces/AnchorageLabs-anchorage-labs-web/.next/required-server-files.json'] {
  errno: -2,
  code: 'ENOENT',
  syscall: 'open',
  path: '/workspaces/AnchorageLabs-anchorage-labs-web/.next/required-server-files.json'
}
 GET / 500 in 80ms
 GET / 500 in 19ms
 ⨯ [Error: ENOENT: no such file or directory, open '/workspaces/AnchorageLabs-anchorage-labs-web/.next/required-server-files.json'] {
  errno: -2,
  code: 'ENOENT',
  syscall: 'open',
  path: '/workspaces/AnchorageLabs-anchorage-labs-web/.next/required-server-files.json'
}
[Error: ENOENT: no such file or directory, open '/workspaces/AnchorageLabs-anchorage-labs-web/.next/required-server-files.json'] {
  errno: -2,
  code: 'ENOENT',
  syscall: 'open',
  path: '/workspaces/AnchorageLabs-anchorage-labs-web/.next/required-server-files.json'
}
[Error: ENOENT: no such file or directory, open '/workspaces/AnchorageLabs-anchorage-labs-web/.next/required-server-files.json'] {
  errno: -2,
  code: 'ENOENT',
  syscall: 'open',
  path: '/workspaces/AnchorageLabs-anchorage-labs-web/.next/required-server-files.json'
}
 GET / 500 in 71ms
 GET / 500 in 18ms
 ⨯ [Error: ENOENT: no such file or directory, open '/workspaces/AnchorageLabs-anchorage-labs-web/.next/required-server-files.json'] {
  errno: -2,
  code: 'ENOENT',
  syscall: 'open',
  path: '/workspaces/AnchorageLabs-anchorage-labs-web/.next/required-server-files.json'
}
[Error: ENOENT: no such file or directory, open '/workspaces/AnchorageLabs-anchorage-labs-web/.next/required-server-files.json'] {
  errno: -2,
  code: 'ENOENT',
  syscall: 'open',
  path: '/workspaces/AnchorageLabs-anchorage-labs-web/.next/required-server-files.json'
}
[Error: ENOENT: no such file or directory, open '/workspaces/AnchorageLabs-anchorage-labs-web/.next/required-server-files.json'] {
  errno: -2,
  code: 'ENOENT',
  syscall: 'open',
  path: '/workspaces/AnchorageLabs-anchorage-labs-web/.next/required-server-files.json'
}
 GET / 500 in 51ms
 GET / 500 in 15ms
 ⨯ [Error: ENOENT: no such file or directory, open '/workspaces/AnchorageLabs-anchorage-labs-web/.next/required-server-files.json'] {
  errno: -2,
  code: 'ENOENT',
  syscall: 'open',
  path: '/workspaces/AnchorageLabs-anchorage-labs-web/.next/required-server-files.json'
}
[Error: ENOENT: no such file or directory, open '/workspaces/AnchorageLabs-anchorage-labs-web/.next/required-server-files.json'] {
  errno: -2,
  code: 'ENOENT',
  syscall: 'open',
  path: '/workspaces/AnchorageLabs-anchorage-labs-web/.next/required-server-files.json'
}
[Error: ENOENT: no such file or directory, open '/workspaces/AnchorageLabs-anchorage-labs-web/.next/required-server-files.json'] {
  errno: -2,
  code: 'ENOENT',
  syscall: 'open',
  path: '/workspaces/AnchorageLabs-anchorage-labs-web/.next/required-server-files.json'
}
 GET / 500 in 53ms
 GET / 500 in 16ms
